<?xml version="1.0" encoding="UTF-8"?>
<!-- Generated by org.testng.reporters.JUnitXMLReporter -->
<testsuite ignored="0" hostname="LAPTOP-3LCNSVV1" failures="2" tests="4" name="Test" time="128.755" errors="0" timestamp="2022-04-10T19:38:04 IST">
  <testcase classname="Academy.ValidateNavigationBar" name="basePageNavigation" time="0.131"/>
  <testcase classname="Academy.ValidateTittle" name="basePageNavigation" time="0.087">
    <failure type="java.lang.AssertionError" message="expected [FEATURED COURSES123] but found [FEATURED COURSES]">
      <![CDATA[java.lang.AssertionError: expected [FEATURED COURSES123] but found [FEATURED COURSES]
at Academy.ValidateTittle.basePageNavigation(ValidateTittle.java:29)
at java.base/java.util.ArrayList.forEach(ArrayList.java:1541)
... Removed 33 stack frames]]>
    </failure>
  </testcase> <!-- basePageNavigation -->
  <testcase classname="Academy.HomePage" name="basePageNavigation" time="0.727"/>
  <testcase classname="Academy.HomePage" name="basePageNavigation" time="10.068">
    <failure type="org.openqa.selenium.NoSuchElementException" message="no such element: Unable to locate element: {&amp;quot;method&amp;quot;:&amp;quot;css selector&amp;quot;,&amp;quot;selector&amp;quot;:&amp;quot;body &amp;gt; div:nth-child(36) &amp;gt; div:nth-child(2) &amp;gt; div:nth-child(1) &amp;gt; div:nth-child(1) &amp;gt; div:nth-child(1) &amp;gt; span:nth-child(2) &amp;gt; div:nth-child(1) &amp;gt; div:nth-child(7) &amp;gt; div:nth-child(1) &amp;gt; div:nth-child(1) &amp;gt; button:nth-child(1)&amp;quot;}
  (Session info: chrome=100.0.4896.75)
For documentation on this error, please visit: https://selenium.dev/exceptions/#no_such_element
Build info: version: &amp;apos;4.1.2&amp;apos;, revision: &amp;apos;9a5a329c5a&amp;apos;
System info: host: &amp;apos;LAPTOP-3LCNSVV1&amp;apos;, ip: &amp;apos;192.168.1.108&amp;apos;, os.name: &amp;apos;Windows 10&amp;apos;, os.arch: &amp;apos;amd64&amp;apos;, os.version: &amp;apos;10.0&amp;apos;, java.version: &amp;apos;11.0.14&amp;apos;
Driver info: org.openqa.selenium.chrome.ChromeDriver
Command: [d2783aab4ba16e580e1d17fd51553cb8, findElement {using=css selector, value=body &amp;gt; div:nth-child(36) &amp;gt; div:nth-child(2) &amp;gt; div:nth-child(1) &amp;gt; div:nth-child(1) &amp;gt; div:nth-child(1) &amp;gt; span:nth-child(2) &amp;gt; div:nth-child(1) &amp;gt; div:nth-child(7) &amp;gt; div:nth-child(1) &amp;gt; div:nth-child(1) &amp;gt; button:nth-child(1)}]
Capabilities {acceptInsecureCerts: false, browserName: chrome, browserVersion: 100.0.4896.75, chrome: {chromedriverVersion: 99.0.4844.51 (d537ec02474b5..., userDataDir: C:\Users\manee\AppData\Loca...}, goog:chromeOptions: {debuggerAddress: localhost:53331}, javascriptEnabled: true, networkConnectionEnabled: false, pageLoadStrategy: normal, platform: WINDOWS, platformName: WINDOWS, proxy: Proxy(), se:cdp: ws://localhost:53331/devtoo..., se:cdpVersion: 100.0.4896.75, setWindowRect: true, strictFileInteractability: false, timeouts: {implicit: 0, pageLoad: 300000, script: 30000}, unhandledPromptBehavior: dismiss and notify, webauthn:extension:credBlob: true, webauthn:extension:largeBlob: true, webauthn:virtualAuthenticators: true}
Session ID: d2783aab4ba16e580e1d17fd51553cb8">
      <![CDATA[org.openqa.selenium.NoSuchElementException: no such element: Unable to locate element: {"method":"css selector","selector":"body > div:nth-child(36) > div:nth-child(2) > div:nth-child(1) > div:nth-child(1) > div:nth-child(1) > span:nth-child(2) > div:nth-child(1) > div:nth-child(7) > div:nth-child(1) > div:nth-child(1) > button:nth-child(1)"}
  (Session info: chrome=100.0.4896.75)
For documentation on this error, please visit: https://selenium.dev/exceptions/#no_such_element
Build info: version: '4.1.2', revision: '9a5a329c5a'
System info: host: 'LAPTOP-3LCNSVV1', ip: '192.168.1.108', os.name: 'Windows 10', os.arch: 'amd64', os.version: '10.0', java.version: '11.0.14'
Driver info: org.openqa.selenium.chrome.ChromeDriver
Command: [d2783aab4ba16e580e1d17fd51553cb8, findElement {using=css selector, value=body > div:nth-child(36) > div:nth-child(2) > div:nth-child(1) > div:nth-child(1) > div:nth-child(1) > span:nth-child(2) > div:nth-child(1) > div:nth-child(7) > div:nth-child(1) > div:nth-child(1) > button:nth-child(1)}]
Capabilities {acceptInsecureCerts: false, browserName: chrome, browserVersion: 100.0.4896.75, chrome: {chromedriverVersion: 99.0.4844.51 (d537ec02474b5..., userDataDir: C:\Users\manee\AppData\Loca...}, goog:chromeOptions: {debuggerAddress: localhost:53331}, javascriptEnabled: true, networkConnectionEnabled: false, pageLoadStrategy: normal, platform: WINDOWS, platformName: WINDOWS, proxy: Proxy(), se:cdp: ws://localhost:53331/devtoo..., se:cdpVersion: 100.0.4896.75, setWindowRect: true, strictFileInteractability: false, timeouts: {implicit: 0, pageLoad: 300000, script: 30000}, unhandledPromptBehavior: dismiss and notify, webauthn:extension:credBlob: true, webauthn:extension:largeBlob: true, webauthn:virtualAuthenticators: true}
Session ID: d2783aab4ba16e580e1d17fd51553cb8
at org.openqa.selenium.remote.codec.w3c.W3CHttpResponseCodec.createException(W3CHttpResponseCodec.java:200)
at org.openqa.selenium.remote.codec.w3c.W3CHttpResponseCodec.decode(W3CHttpResponseCodec.java:133)
at org.openqa.selenium.remote.codec.w3c.W3CHttpResponseCodec.decode(W3CHttpResponseCodec.java:53)
at org.openqa.selenium.remote.HttpCommandExecutor.execute(HttpCommandExecutor.java:184)
at org.openqa.selenium.remote.service.DriverCommandExecutor.invokeExecute(DriverCommandExecutor.java:167)
at org.openqa.selenium.remote.service.DriverCommandExecutor.execute(DriverCommandExecutor.java:142)
at org.openqa.selenium.remote.RemoteWebDriver.execute(RemoteWebDriver.java:558)
at org.openqa.selenium.remote.ElementLocation$ElementFinder$2.findElement(ElementLocation.java:162)
at org.openqa.selenium.remote.ElementLocation.findElement(ElementLocation.java:60)
at org.openqa.selenium.remote.RemoteWebDriver.findElement(RemoteWebDriver.java:382)
at org.openqa.selenium.remote.RemoteWebDriver.findElement(RemoteWebDriver.java:374)
at pageObjects.LandingPage.clicknothanks(LandingPage.java:25)
at Academy.HomePage.basePageNavigation(HomePage.java:25)
at java.base/java.util.ArrayList.forEach(ArrayList.java:1541)
... Removed 31 stack frames]]>
    </failure>
  </testcase> <!-- basePageNavigation -->
</testsuite> <!-- Test -->
